<?xml version="1.0" encoding="UTF-8"?>
<!-- Generated by org.testng.reporters.JUnitXMLReporter -->
<testsuite ignored="0" hostname="LIN80024684" failures="0" tests="4" name="Default test" time="14.603" errors="0" timestamp="2021-07-13T16:59:36 IST">
  <testcase classname="utils.ExcelDataProvider" name="test1" time="2.676"/>
  <testcase classname="utils.ExcelDataProvider" name="test1" time="2.288"/>
  <testcase classname="utils.ExcelDataProvider" name="test1" time="2.212"/>
  <testcase classname="utils.ExcelDataProvider" name="test1" time="2.229"/>
</testsuite> <!-- Default test -->
