<?xml version="1.0" encoding="UTF-8"?>
<testng-results ignored="0" total="4" passed="4" failed="0" skipped="0">
  <reporter-output>
  </reporter-output>
  <suite started-at="2021-07-13T16:59:22 IST" name="Default suite" finished-at="2021-07-13T16:59:36 IST" duration-ms="14603">
    <groups>
    </groups>
    <test started-at="2021-07-13T16:59:22 IST" name="Default test" finished-at="2021-07-13T16:59:36 IST" duration-ms="14603">
      <class name="utils.ExcelDataProvider">
        <test-method is-config="true" signature="setUpTest()[pri:0, instance:utils.ExcelDataProvider@19e4653c]" started-at="2021-07-13T16:59:22 IST" name="setUpTest" finished-at="2021-07-13T16:59:26 IST" duration-ms="4252" status="PASS">
          <reporter-output>
          </reporter-output>
        </test-method> <!-- setUpTest -->
        <test-method signature="test1(java.lang.String,java.lang.String)[pri:0, instance:utils.ExcelDataProvider@19e4653c]" started-at="2021-07-13T16:59:27 IST" name="test1" data-provider="test1data" finished-at="2021-07-13T16:59:29 IST" duration-ms="2676" status="PASS">
          <params>
            <param index="0">
              <value>
                <![CDATA[standard_user]]>
              </value>
            </param>
            <param index="1">
              <value>
                <![CDATA[secret_sauce]]>
              </value>
            </param>
          </params>
          <reporter-output>
          </reporter-output>
        </test-method> <!-- test1 -->
        <test-method signature="test1(java.lang.String,java.lang.String)[pri:0, instance:utils.ExcelDataProvider@19e4653c]" started-at="2021-07-13T16:59:29 IST" name="test1" data-provider="test1data" finished-at="2021-07-13T16:59:32 IST" duration-ms="2288" status="PASS">
          <params>
            <param index="0">
              <value>
                <![CDATA[locked_out_user]]>
              </value>
            </param>
            <param index="1">
              <value>
                <![CDATA[secret_sauce]]>
              </value>
            </param>
          </params>
          <reporter-output>
          </reporter-output>
        </test-method> <!-- test1 -->
        <test-method signature="test1(java.lang.String,java.lang.String)[pri:0, instance:utils.ExcelDataProvider@19e4653c]" started-at="2021-07-13T16:59:32 IST" name="test1" data-provider="test1data" finished-at="2021-07-13T16:59:34 IST" duration-ms="2212" status="PASS">
          <params>
            <param index="0">
              <value>
                <![CDATA[problem_user]]>
              </value>
            </param>
            <param index="1">
              <value>
                <![CDATA[secret_sauce]]>
              </value>
            </param>
          </params>
          <reporter-output>
          </reporter-output>
        </test-method> <!-- test1 -->
        <test-method signature="test1(java.lang.String,java.lang.String)[pri:0, instance:utils.ExcelDataProvider@19e4653c]" started-at="2021-07-13T16:59:34 IST" name="test1" data-provider="test1data" finished-at="2021-07-13T16:59:36 IST" duration-ms="2229" status="PASS">
          <params>
            <param index="0">
              <value>
                <![CDATA[performance_glitch_user]]>
              </value>
            </param>
            <param index="1">
              <value>
                <![CDATA[secret_sauce]]>
              </value>
            </param>
          </params>
          <reporter-output>
          </reporter-output>
        </test-method> <!-- test1 -->
      </class> <!-- utils.ExcelDataProvider -->
    </test> <!-- Default test -->
  </suite> <!-- Default suite -->
</testng-results>
